# JRE version: OpenJDK Runtime Environment (21.0.9) (build 21.0.9+-14649483-b1163.86)
# Java VM: OpenJDK 64-Bit Server VM (21.0.9+-14649483-b1163.86, mixed mode, tiered, compressed oops, compressed class ptrs, g1 gc, windows-amd64)
GC Precious Log:
 CardTable entry size: 512
 Card Set container configuration: InlinePtr #cards 5 size 8 Array Of Cards #cards 12 size 40 Howl #buckets 4 coarsen threshold 1843 Howl Bitmap #cards 512 size 80 coarsen threshold 460 Card regions per heap region 1 cards per card region 2048
 CPUs: 12 total, 12 available
 Memory: 5989M
 Large Page Support: Disabled
 NUMA Support: Disabled
 Compressed Oops: Enabled (32-bit)
 Heap Region Size: 1M
 Heap Min Capacity: 8M
 Heap Initial Capacity: 94M
 Heap Max Capacity: 1498M
 Pre-touch: Disabled
 Parallel Workers: 10
 Concurrent Workers: 3
 Concurrent Refinement Workers: 10
 Periodic GC: Disabled
Heap:
 garbage-first heap   total 135168K, used 99800K [0x00000000a2600000, 0x0000000100000000)
  region size 1024K, 4 young (4096K), 4 survivors (4096K)
 Metaspace       used 58093K, committed 58432K, reserved 1114112K
  class space    used 6714K, committed 6848K, reserved 1048576K
GC Heap History (20 events):
Event: 8.577 GC heap after
{Heap after GC invocations=12 (full 0):
 garbage-first heap   total 73728K, used 34612K [0x00000000a2600000, 0x0000000100000000)
  region size 1024K, 3 young (3072K), 3 survivors (3072K)
 Metaspace       used 50021K, committed 50368K, reserved 1114112K
  class space    used 5858K, committed 6016K, reserved 1048576K
}
Event: 8.777 GC heap before
{Heap before GC invocations=12 (full 0):
 garbage-first heap   total 73728K, used 61236K [0x00000000a2600000, 0x0000000100000000)
  region size 1024K, 28 young (28672K), 3 survivors (3072K)
 Metaspace       used 50430K, committed 50688K, reserved 1114112K
  class space    used 5888K, committed 6016K, reserved 1048576K
}
Event: 8.795 GC heap after
{Heap after GC invocations=13 (full 0):
 garbage-first heap   total 73728K, used 44544K [0x00000000a2600000, 0x0000000100000000)
  region size 1024K, 4 young (4096K), 4 survivors (4096K)
 Metaspace       used 50430K, committed 50688K, reserved 1114112K
  class space    used 5888K, committed 6016K, reserved 1048576K
}
Event: 8.966 GC heap before
{Heap before GC invocations=13 (full 0):
 garbage-first heap   total 73728K, used 59904K [0x00000000a2600000, 0x0000000100000000)
  region size 1024K, 20 young (20480K), 4 survivors (4096K)
 Metaspace       used 50946K, committed 51200K, reserved 1114112K
  class space    used 5930K, committed 6080K, reserved 1048576K
}
Event: 8.977 GC heap after
{Heap after GC invocations=14 (full 0):
 garbage-first heap   total 73728K, used 49152K [0x00000000a2600000, 0x0000000100000000)
  region size 1024K, 3 young (3072K), 3 survivors (3072K)
 Metaspace       used 50946K, committed 51200K, reserved 1114112K
  class space    used 5930K, committed 6080K, reserved 1048576K
}
Event: 9.115 GC heap before
{Heap before GC invocations=15 (full 0):
 garbage-first heap   total 81920K, used 63488K [0x00000000a2600000, 0x0000000100000000)
  region size 1024K, 17 young (17408K), 3 survivors (3072K)
 Metaspace       used 51009K, committed 51264K, reserved 1114112K
  class space    used 5937K, committed 6080K, reserved 1048576K
}
Event: 9.124 GC heap after
{Heap after GC invocations=16 (full 0):
 garbage-first heap   total 81920K, used 54272K [0x00000000a2600000, 0x0000000100000000)
  region size 1024K, 3 young (3072K), 3 survivors (3072K)
 Metaspace       used 51009K, committed 51264K, reserved 1114112K
  class space    used 5937K, committed 6080K, reserved 1048576K
}
Event: 9.403 GC heap before
{Heap before GC invocations=16 (full 0):
 garbage-first heap   total 81920K, used 69632K [0x00000000a2600000, 0x0000000100000000)
  region size 1024K, 18 young (18432K), 3 survivors (3072K)
 Metaspace       used 52896K, committed 53120K, reserved 1114112K
  class space    used 6160K, committed 6272K, reserved 1048576K
}
Event: 9.413 GC heap after
{Heap after GC invocations=17 (full 0):
 garbage-first heap   total 135168K, used 56787K [0x00000000a2600000, 0x0000000100000000)
  region size 1024K, 3 young (3072K), 3 survivors (3072K)
 Metaspace       used 52896K, committed 53120K, reserved 1114112K
  class space    used 6160K, committed 6272K, reserved 1048576K
}
Event: 11.123 GC heap before
{Heap before GC invocations=17 (full 0):
 garbage-first heap   total 135168K, used 100819K [0x00000000a2600000, 0x0000000100000000)
  region size 1024K, 47 young (48128K), 3 survivors (3072K)
 Metaspace       used 56967K, committed 57280K, reserved 1114112K
  class space    used 6630K, committed 6784K, reserved 1048576K
}
Event: 11.145 GC heap after
{Heap after GC invocations=18 (full 0):
 garbage-first heap   total 135168K, used 65262K [0x00000000a2600000, 0x0000000100000000)
  region size 1024K, 6 young (6144K), 6 survivors (6144K)
 Metaspace       used 56967K, committed 57280K, reserved 1114112K
  class space    used 6630K, committed 6784K, reserved 1048576K
}
Event: 11.498 GC heap before
{Heap before GC invocations=18 (full 0):
 garbage-first heap   total 135168K, used 108270K [0x00000000a2600000, 0x0000000100000000)
  region size 1024K, 48 young (49152K), 6 survivors (6144K)
 Metaspace       used 57298K, committed 57600K, reserved 1114112K
  class space    used 6655K, committed 6784K, reserved 1048576K
}
Event: 11.517 GC heap after
{Heap after GC invocations=19 (full 0):
 garbage-first heap   total 135168K, used 74036K [0x00000000a2600000, 0x0000000100000000)
  region size 1024K, 6 young (6144K), 6 survivors (6144K)
 Metaspace       used 57298K, committed 57600K, reserved 1114112K
  class space    used 6655K, committed 6784K, reserved 1048576K
}
Event: 11.624 GC heap before
{Heap before GC invocations=19 (full 0):
 garbage-first heap   total 135168K, used 110900K [0x00000000a2600000, 0x0000000100000000)
  region size 1024K, 42 young (43008K), 6 survivors (6144K)
 Metaspace       used 57298K, committed 57600K, reserved 1114112K
  class space    used 6655K, committed 6784K, reserved 1048576K
}
Event: 11.638 GC heap after
{Heap after GC invocations=20 (full 0):
 garbage-first heap   total 135168K, used 81920K [0x00000000a2600000, 0x0000000100000000)
  region size 1024K, 6 young (6144K), 6 survivors (6144K)
 Metaspace       used 57298K, committed 57600K, reserved 1114112K
  class space    used 6655K, committed 6784K, reserved 1048576K
}
Event: 11.796 GC heap before
{Heap before GC invocations=21 (full 0):
 garbage-first heap   total 135168K, used 113664K [0x00000000a2600000, 0x0000000100000000)
  region size 1024K, 38 young (38912K), 6 survivors (6144K)
 Metaspace       used 57298K, committed 57600K, reserved 1114112K
  class space    used 6655K, committed 6784K, reserved 1048576K
}
Event: 11.807 GC heap after
{Heap after GC invocations=22 (full 0):
 garbage-first heap   total 135168K, used 88557K [0x00000000a2600000, 0x0000000100000000)
  region size 1024K, 5 young (5120K), 5 survivors (5120K)
 Metaspace       used 57298K, committed 57600K, reserved 1114112K
  class space    used 6655K, committed 6784K, reserved 1048576K
}
Event: 12.140 GC heap before
{Heap before GC invocations=22 (full 0):
 garbage-first heap   total 135168K, used 117229K [0x00000000a2600000, 0x0000000100000000)
  region size 1024K, 33 young (33792K), 5 survivors (5120K)
 Metaspace       used 57563K, committed 57920K, reserved 1114112K
  class space    used 6668K, committed 6848K, reserved 1048576K
}
Event: 12.154 GC heap after
{Heap after GC invocations=23 (full 0):
 garbage-first heap   total 135168K, used 94200K [0x00000000a2600000, 0x0000000100000000)
  region size 1024K, 5 young (5120K), 5 survivors (5120K)
 Metaspace       used 57563K, committed 57920K, reserved 1114112K
  class space    used 6668K, committed 6848K, reserved 1048576K
}
Event: 12.712 GC heap before
{Heap before GC invocations=23 (full 0):
 garbage-first heap   total 135168K, used 119800K [0x00000000a2600000, 0x0000000100000000)
  region size 1024K, 30 young (30720K), 5 survivors (5120K)
 Metaspace       used 58093K, committed 58432K, reserved 1114112K
  class space    used 6714K, committed 6848K, reserved 1048576K
}

